<?xml version="1.0" encoding="UTF-8"?>
<testsuite xmlns:xsi="http://www.w3.org/2001/XMLSchema-instance" xsi:noNamespaceSchemaLocation="https://maven.apache.org/surefire/maven-surefire-plugin/xsd/surefire-test-report.xsd" version="3.0.2" name="io.cucumber.junit.platform.engine.CucumberTestEngine" time="2.23" tests="27" errors="0" skipped="0" failures="0">
  <properties>
    <property name="java.specification.version" value="21"/>
    <property name="sun.cpu.isalist" value="amd64"/>
    <property name="sun.jnu.encoding" value="Cp1252"/>
    <property name="java.class.path" value="C:\Users\jeppe\OneDrive\02002students\Software_Engeneering1\Projekt\Software-Projekt-1\target\test-classes;C:\Users\jeppe\.m2\repository\io\cucumber\cucumber-java\7.20.1\cucumber-java-7.20.1.jar;C:\Users\jeppe\.m2\repository\io\cucumber\cucumber-core\7.20.1\cucumber-core-7.20.1.jar;C:\Users\jeppe\.m2\repository\io\cucumber\cucumber-gherkin\7.20.1\cucumber-gherkin-7.20.1.jar;C:\Users\jeppe\.m2\repository\io\cucumber\cucumber-gherkin-messages\7.20.1\cucumber-gherkin-messages-7.20.1.jar;C:\Users\jeppe\.m2\repository\io\cucumber\gherkin\28.0.0\gherkin-28.0.0.jar;C:\Users\jeppe\.m2\repository\io\cucumber\messages\24.1.0\messages-24.1.0.jar;C:\Users\jeppe\.m2\repository\io\cucumber\testng-xml-formatter\0.2.0\testng-xml-formatter-0.2.0.jar;C:\Users\jeppe\.m2\repository\io\cucumber\query\12.2.0\query-12.2.0.jar;C:\Users\jeppe\.m2\repository\io\cucumber\tag-expressions\6.1.0\tag-expressions-6.1.0.jar;C:\Users\jeppe\.m2\repository\io\cucumber\cucumber-expressions\17.1.0\cucumber-expressions-17.1.0.jar;C:\Users\jeppe\.m2\repository\io\cucumber\datatable\7.20.1\datatable-7.20.1.jar;C:\Users\jeppe\.m2\repository\io\cucumber\cucumber-plugin\7.20.1\cucumber-plugin-7.20.1.jar;C:\Users\jeppe\.m2\repository\io\cucumber\docstring\7.20.1\docstring-7.20.1.jar;C:\Users\jeppe\.m2\repository\io\cucumber\html-formatter\21.7.0\html-formatter-21.7.0.jar;C:\Users\jeppe\.m2\repository\io\cucumber\junit-xml-formatter\0.5.0\junit-xml-formatter-0.5.0.jar;C:\Users\jeppe\.m2\repository\io\cucumber\ci-environment\10.0.1\ci-environment-10.0.1.jar;C:\Users\jeppe\.m2\repository\org\apiguardian\apiguardian-api\1.1.2\apiguardian-api-1.1.2.jar;C:\Users\jeppe\.m2\repository\io\cucumber\cucumber-junit-platform-engine\7.20.1\cucumber-junit-platform-engine-7.20.1.jar;C:\Users\jeppe\.m2\repository\org\junit\platform\junit-platform-engine\1.11.2\junit-platform-engine-1.11.2.jar;C:\Users\jeppe\.m2\repository\org\opentest4j\opentest4j\1.3.0\opentest4j-1.3.0.jar;C:\Users\jeppe\.m2\repository\org\junit\platform\junit-platform-commons\1.11.2\junit-platform-commons-1.11.2.jar;C:\Users\jeppe\.m2\repository\io\cucumber\cucumber-picocontainer\7.20.1\cucumber-picocontainer-7.20.1.jar;C:\Users\jeppe\.m2\repository\org\picocontainer\picocontainer\2.15\picocontainer-2.15.jar;C:\Users\jeppe\.m2\repository\org\junit\platform\junit-platform-suite\1.11.2\junit-platform-suite-1.11.2.jar;C:\Users\jeppe\.m2\repository\org\junit\platform\junit-platform-suite-api\1.11.2\junit-platform-suite-api-1.11.2.jar;C:\Users\jeppe\.m2\repository\org\junit\platform\junit-platform-suite-engine\1.11.2\junit-platform-suite-engine-1.11.2.jar;C:\Users\jeppe\.m2\repository\org\junit\platform\junit-platform-suite-commons\1.11.2\junit-platform-suite-commons-1.11.2.jar;C:\Users\jeppe\.m2\repository\org\junit\platform\junit-platform-launcher\1.11.2\junit-platform-launcher-1.11.2.jar;C:\Users\jeppe\.m2\repository\org\junit\jupiter\junit-jupiter\5.11.2\junit-jupiter-5.11.2.jar;C:\Users\jeppe\.m2\repository\org\junit\jupiter\junit-jupiter-api\5.11.2\junit-jupiter-api-5.11.2.jar;C:\Users\jeppe\.m2\repository\org\junit\jupiter\junit-jupiter-params\5.11.2\junit-jupiter-params-5.11.2.jar;C:\Users\jeppe\.m2\repository\org\junit\jupiter\junit-jupiter-engine\5.11.2\junit-jupiter-engine-5.11.2.jar;C:\Users\jeppe\.m2\repository\org\mockito\mockito-core\5.15.2\mockito-core-5.15.2.jar;C:\Users\jeppe\.m2\repository\net\bytebuddy\byte-buddy\1.15.11\byte-buddy-1.15.11.jar;C:\Users\jeppe\.m2\repository\net\bytebuddy\byte-buddy-agent\1.15.11\byte-buddy-agent-1.15.11.jar;C:\Users\jeppe\.m2\repository\org\objenesis\objenesis\3.3\objenesis-3.3.jar;C:\Users\jeppe\.m2\repository\org\openjfx\javafx-controls\23-ea+3\javafx-controls-23-ea+3.jar;C:\Users\jeppe\.m2\repository\org\openjfx\javafx-graphics\23-ea+3\javafx-graphics-23-ea+3.jar;C:\Users\jeppe\.m2\repository\org\openjfx\javafx-base\23-ea+3\javafx-base-23-ea+3.jar;C:\Users\jeppe\.m2\repository\org\openjfx\javafx-fxml\23-ea+3\javafx-fxml-23-ea+3.jar;"/>
    <property name="java.vm.vendor" value="Oracle Corporation"/>
    <property name="sun.arch.data.model" value="64"/>
    <property name="user.variant" value=""/>
    <property name="java.vendor.url" value="https://java.oracle.com/"/>
    <property name="user.timezone" value="Europe/Copenhagen"/>
    <property name="user.country.format" value="DK"/>
    <property name="os.name" value="Windows 11"/>
    <property name="java.vm.specification.version" value="21"/>
    <property name="sun.java.launcher" value="SUN_STANDARD"/>
    <property name="user.country" value="US"/>
    <property name="sun.boot.library.path" value="C:\Program Files\Java\jdk-21\bin"/>
    <property name="sun.java.command" value="org.apache.maven.surefire.booter.ForkedBooter C:\Users\jeppe\AppData\Local\Temp\surefire13193613960470763122 2025-05-08T16-54-46_342-jvmRun1 surefire-20250508165447283_1tmp surefire_0-20250508165447283_2tmp"/>
    <property name="jdk.debug" value="release"/>
    <property name="surefire.test.class.path" value="C:\Users\jeppe\OneDrive\02002students\Software_Engeneering1\Projekt\Software-Projekt-1\target\test-classes;C:\Users\jeppe\.m2\repository\io\cucumber\cucumber-java\7.20.1\cucumber-java-7.20.1.jar;C:\Users\jeppe\.m2\repository\io\cucumber\cucumber-core\7.20.1\cucumber-core-7.20.1.jar;C:\Users\jeppe\.m2\repository\io\cucumber\cucumber-gherkin\7.20.1\cucumber-gherkin-7.20.1.jar;C:\Users\jeppe\.m2\repository\io\cucumber\cucumber-gherkin-messages\7.20.1\cucumber-gherkin-messages-7.20.1.jar;C:\Users\jeppe\.m2\repository\io\cucumber\gherkin\28.0.0\gherkin-28.0.0.jar;C:\Users\jeppe\.m2\repository\io\cucumber\messages\24.1.0\messages-24.1.0.jar;C:\Users\jeppe\.m2\repository\io\cucumber\testng-xml-formatter\0.2.0\testng-xml-formatter-0.2.0.jar;C:\Users\jeppe\.m2\repository\io\cucumber\query\12.2.0\query-12.2.0.jar;C:\Users\jeppe\.m2\repository\io\cucumber\tag-expressions\6.1.0\tag-expressions-6.1.0.jar;C:\Users\jeppe\.m2\repository\io\cucumber\cucumber-expressions\17.1.0\cucumber-expressions-17.1.0.jar;C:\Users\jeppe\.m2\repository\io\cucumber\datatable\7.20.1\datatable-7.20.1.jar;C:\Users\jeppe\.m2\repository\io\cucumber\cucumber-plugin\7.20.1\cucumber-plugin-7.20.1.jar;C:\Users\jeppe\.m2\repository\io\cucumber\docstring\7.20.1\docstring-7.20.1.jar;C:\Users\jeppe\.m2\repository\io\cucumber\html-formatter\21.7.0\html-formatter-21.7.0.jar;C:\Users\jeppe\.m2\repository\io\cucumber\junit-xml-formatter\0.5.0\junit-xml-formatter-0.5.0.jar;C:\Users\jeppe\.m2\repository\io\cucumber\ci-environment\10.0.1\ci-environment-10.0.1.jar;C:\Users\jeppe\.m2\repository\org\apiguardian\apiguardian-api\1.1.2\apiguardian-api-1.1.2.jar;C:\Users\jeppe\.m2\repository\io\cucumber\cucumber-junit-platform-engine\7.20.1\cucumber-junit-platform-engine-7.20.1.jar;C:\Users\jeppe\.m2\repository\org\junit\platform\junit-platform-engine\1.11.2\junit-platform-engine-1.11.2.jar;C:\Users\jeppe\.m2\repository\org\opentest4j\opentest4j\1.3.0\opentest4j-1.3.0.jar;C:\Users\jeppe\.m2\repository\org\junit\platform\junit-platform-commons\1.11.2\junit-platform-commons-1.11.2.jar;C:\Users\jeppe\.m2\repository\io\cucumber\cucumber-picocontainer\7.20.1\cucumber-picocontainer-7.20.1.jar;C:\Users\jeppe\.m2\repository\org\picocontainer\picocontainer\2.15\picocontainer-2.15.jar;C:\Users\jeppe\.m2\repository\org\junit\platform\junit-platform-suite\1.11.2\junit-platform-suite-1.11.2.jar;C:\Users\jeppe\.m2\repository\org\junit\platform\junit-platform-suite-api\1.11.2\junit-platform-suite-api-1.11.2.jar;C:\Users\jeppe\.m2\repository\org\junit\platform\junit-platform-suite-engine\1.11.2\junit-platform-suite-engine-1.11.2.jar;C:\Users\jeppe\.m2\repository\org\junit\platform\junit-platform-suite-commons\1.11.2\junit-platform-suite-commons-1.11.2.jar;C:\Users\jeppe\.m2\repository\org\junit\platform\junit-platform-launcher\1.11.2\junit-platform-launcher-1.11.2.jar;C:\Users\jeppe\.m2\repository\org\junit\jupiter\junit-jupiter\5.11.2\junit-jupiter-5.11.2.jar;C:\Users\jeppe\.m2\repository\org\junit\jupiter\junit-jupiter-api\5.11.2\junit-jupiter-api-5.11.2.jar;C:\Users\jeppe\.m2\repository\org\junit\jupiter\junit-jupiter-params\5.11.2\junit-jupiter-params-5.11.2.jar;C:\Users\jeppe\.m2\repository\org\junit\jupiter\junit-jupiter-engine\5.11.2\junit-jupiter-engine-5.11.2.jar;C:\Users\jeppe\.m2\repository\org\mockito\mockito-core\5.15.2\mockito-core-5.15.2.jar;C:\Users\jeppe\.m2\repository\net\bytebuddy\byte-buddy\1.15.11\byte-buddy-1.15.11.jar;C:\Users\jeppe\.m2\repository\net\bytebuddy\byte-buddy-agent\1.15.11\byte-buddy-agent-1.15.11.jar;C:\Users\jeppe\.m2\repository\org\objenesis\objenesis\3.3\objenesis-3.3.jar;C:\Users\jeppe\.m2\repository\org\openjfx\javafx-controls\23-ea+3\javafx-controls-23-ea+3.jar;C:\Users\jeppe\.m2\repository\org\openjfx\javafx-graphics\23-ea+3\javafx-graphics-23-ea+3.jar;C:\Users\jeppe\.m2\repository\org\openjfx\javafx-base\23-ea+3\javafx-base-23-ea+3.jar;C:\Users\jeppe\.m2\repository\org\openjfx\javafx-fxml\23-ea+3\javafx-fxml-23-ea+3.jar;"/>
    <property name="sun.cpu.endian" value="little"/>
    <property name="user.home" value="C:\Users\jeppe"/>
    <property name="user.language" value="en"/>
    <property name="java.specification.vendor" value="Oracle Corporation"/>
    <property name="jdk.module.path" value="C:\Users\jeppe\OneDrive\02002students\Software_Engeneering1\Projekt\Software-Projekt-1\target\classes;C:\Users\jeppe\.m2\repository\org\openjfx\javafx-controls\23-ea+3\javafx-controls-23-ea+3-win.jar;C:\Users\jeppe\.m2\repository\org\openjfx\javafx-graphics\23-ea+3\javafx-graphics-23-ea+3-win.jar;C:\Users\jeppe\.m2\repository\org\openjfx\javafx-base\23-ea+3\javafx-base-23-ea+3-win.jar;C:\Users\jeppe\.m2\repository\org\openjfx\javafx-fxml\23-ea+3\javafx-fxml-23-ea+3-win.jar"/>
    <property name="java.version.date" value="2025-01-21"/>
    <property name="java.home" value="C:\Program Files\Java\jdk-21"/>
    <property name="file.separator" value="\"/>
    <property name="basedir" value="C:\Users\jeppe\OneDrive\02002students\Software_Engeneering1\Projekt\Software-Projekt-1"/>
    <property name="java.vm.compressedOopsMode" value="Zero based"/>
    <property name="line.separator" value="&#10;"/>
    <property name="java.vm.specification.vendor" value="Oracle Corporation"/>
    <property name="java.specification.name" value="Java Platform API Specification"/>
    <property name="surefire.real.class.path" value="C:\Users\jeppe\.m2\repository\org\apache\maven\surefire\surefire-booter\3.5.1\surefire-booter-3.5.1.jar;C:\Users\jeppe\.m2\repository\org\apache\maven\surefire\surefire-api\3.5.1\surefire-api-3.5.1.jar;C:\Users\jeppe\.m2\repository\org\apache\maven\surefire\surefire-extensions-spi\3.5.1\surefire-extensions-spi-3.5.1.jar;C:\Users\jeppe\.m2\repository\org\apache\maven\surefire\surefire-shared-utils\3.5.1\surefire-shared-utils-3.5.1.jar;C:\Users\jeppe\.m2\repository\org\apache\maven\surefire\surefire-logger-api\3.5.1\surefire-logger-api-3.5.1.jar;C:\Users\jeppe\OneDrive\02002students\Software_Engeneering1\Projekt\Software-Projekt-1\target\test-classes;C:\Users\jeppe\.m2\repository\io\cucumber\cucumber-java\7.20.1\cucumber-java-7.20.1.jar;C:\Users\jeppe\.m2\repository\io\cucumber\cucumber-core\7.20.1\cucumber-core-7.20.1.jar;C:\Users\jeppe\.m2\repository\io\cucumber\cucumber-gherkin\7.20.1\cucumber-gherkin-7.20.1.jar;C:\Users\jeppe\.m2\repository\io\cucumber\cucumber-gherkin-messages\7.20.1\cucumber-gherkin-messages-7.20.1.jar;C:\Users\jeppe\.m2\repository\io\cucumber\gherkin\28.0.0\gherkin-28.0.0.jar;C:\Users\jeppe\.m2\repository\io\cucumber\messages\24.1.0\messages-24.1.0.jar;C:\Users\jeppe\.m2\repository\io\cucumber\testng-xml-formatter\0.2.0\testng-xml-formatter-0.2.0.jar;C:\Users\jeppe\.m2\repository\io\cucumber\query\12.2.0\query-12.2.0.jar;C:\Users\jeppe\.m2\repository\io\cucumber\tag-expressions\6.1.0\tag-expressions-6.1.0.jar;C:\Users\jeppe\.m2\repository\io\cucumber\cucumber-expressions\17.1.0\cucumber-expressions-17.1.0.jar;C:\Users\jeppe\.m2\repository\io\cucumber\datatable\7.20.1\datatable-7.20.1.jar;C:\Users\jeppe\.m2\repository\io\cucumber\cucumber-plugin\7.20.1\cucumber-plugin-7.20.1.jar;C:\Users\jeppe\.m2\repository\io\cucumber\docstring\7.20.1\docstring-7.20.1.jar;C:\Users\jeppe\.m2\repository\io\cucumber\html-formatter\21.7.0\html-formatter-21.7.0.jar;C:\Users\jeppe\.m2\repository\io\cucumber\junit-xml-formatter\0.5.0\junit-xml-formatter-0.5.0.jar;C:\Users\jeppe\.m2\repository\io\cucumber\ci-environment\10.0.1\ci-environment-10.0.1.jar;C:\Users\jeppe\.m2\repository\org\apiguardian\apiguardian-api\1.1.2\apiguardian-api-1.1.2.jar;C:\Users\jeppe\.m2\repository\io\cucumber\cucumber-junit-platform-engine\7.20.1\cucumber-junit-platform-engine-7.20.1.jar;C:\Users\jeppe\.m2\repository\org\junit\platform\junit-platform-engine\1.11.2\junit-platform-engine-1.11.2.jar;C:\Users\jeppe\.m2\repository\org\opentest4j\opentest4j\1.3.0\opentest4j-1.3.0.jar;C:\Users\jeppe\.m2\repository\org\junit\platform\junit-platform-commons\1.11.2\junit-platform-commons-1.11.2.jar;C:\Users\jeppe\.m2\repository\io\cucumber\cucumber-picocontainer\7.20.1\cucumber-picocontainer-7.20.1.jar;C:\Users\jeppe\.m2\repository\org\picocontainer\picocontainer\2.15\picocontainer-2.15.jar;C:\Users\jeppe\.m2\repository\org\junit\platform\junit-platform-suite\1.11.2\junit-platform-suite-1.11.2.jar;C:\Users\jeppe\.m2\repository\org\junit\platform\junit-platform-suite-api\1.11.2\junit-platform-suite-api-1.11.2.jar;C:\Users\jeppe\.m2\repository\org\junit\platform\junit-platform-suite-engine\1.11.2\junit-platform-suite-engine-1.11.2.jar;C:\Users\jeppe\.m2\repository\org\junit\platform\junit-platform-suite-commons\1.11.2\junit-platform-suite-commons-1.11.2.jar;C:\Users\jeppe\.m2\repository\org\junit\platform\junit-platform-launcher\1.11.2\junit-platform-launcher-1.11.2.jar;C:\Users\jeppe\.m2\repository\org\junit\jupiter\junit-jupiter\5.11.2\junit-jupiter-5.11.2.jar;C:\Users\jeppe\.m2\repository\org\junit\jupiter\junit-jupiter-api\5.11.2\junit-jupiter-api-5.11.2.jar;C:\Users\jeppe\.m2\repository\org\junit\jupiter\junit-jupiter-params\5.11.2\junit-jupiter-params-5.11.2.jar;C:\Users\jeppe\.m2\repository\org\junit\jupiter\junit-jupiter-engine\5.11.2\junit-jupiter-engine-5.11.2.jar;C:\Users\jeppe\.m2\repository\org\mockito\mockito-core\5.15.2\mockito-core-5.15.2.jar;C:\Users\jeppe\.m2\repository\net\bytebuddy\byte-buddy\1.15.11\byte-buddy-1.15.11.jar;C:\Users\jeppe\.m2\repository\net\bytebuddy\byte-buddy-agent\1.15.11\byte-buddy-agent-1.15.11.jar;C:\Users\jeppe\.m2\repository\org\objenesis\objenesis\3.3\objenesis-3.3.jar;C:\Users\jeppe\.m2\repository\org\openjfx\javafx-controls\23-ea+3\javafx-controls-23-ea+3.jar;C:\Users\jeppe\.m2\repository\org\openjfx\javafx-graphics\23-ea+3\javafx-graphics-23-ea+3.jar;C:\Users\jeppe\.m2\repository\org\openjfx\javafx-base\23-ea+3\javafx-base-23-ea+3.jar;C:\Users\jeppe\.m2\repository\org\openjfx\javafx-fxml\23-ea+3\javafx-fxml-23-ea+3.jar;C:\Users\jeppe\.m2\repository\org\apache\maven\surefire\surefire-junit-platform\3.5.1\surefire-junit-platform-3.5.1.jar;C:\Users\jeppe\.m2\repository\org\apache\maven\surefire\common-java5\3.5.1\common-java5-3.5.1.jar"/>
    <property name="user.script" value=""/>
    <property name="sun.management.compiler" value="HotSpot 64-Bit Tiered Compilers"/>
    <property name="java.runtime.version" value="21.0.6+8-LTS-188"/>
    <property name="user.name" value="jeppe"/>
    <property name="stdout.encoding" value="Cp1252"/>
    <property name="path.separator" value=";"/>
    <property name="os.version" value="10.0"/>
    <property name="java.runtime.name" value="Java(TM) SE Runtime Environment"/>
    <property name="file.encoding" value="UTF-8"/>
    <property name="java.vm.name" value="Java HotSpot(TM) 64-Bit Server VM"/>
    <property name="localRepository" value="C:\Users\jeppe\.m2\repository"/>
    <property name="java.vendor.url.bug" value="https://bugreport.java.com/bugreport/"/>
    <property name="java.io.tmpdir" value="C:\Users\jeppe\AppData\Local\Temp\"/>
    <property name="java.version" value="21.0.6"/>
    <property name="user.dir" value="C:\Users\jeppe\OneDrive\02002students\Software_Engeneering1\Projekt\Software-Projekt-1"/>
    <property name="os.arch" value="amd64"/>
    <property name="java.vm.specification.name" value="Java Virtual Machine Specification"/>
    <property name="sun.os.patch.level" value=""/>
    <property name="native.encoding" value="Cp1252"/>
    <property name="java.library.path" value="C:\Program Files\Java\jdk-21\bin;C:\WINDOWS\Sun\Java\bin;C:\WINDOWS\system32;C:\WINDOWS;C:\Program Files\Common Files\Oracle\Java\javapath;C:\Windows\system32;C:\Windows;C:\Windows\System32\Wbem;C:\Windows\System32\WindowsPowerShell\v1.0\;C:\Windows\System32\OpenSSH\;C:\Program Files (x86)\NVIDIA Corporation\PhysX\Common;C:\WINDOWS\system32;C:\WINDOWS;C:\WINDOWS\System32\Wbem;C:\WINDOWS\System32\WindowsPowerShell\v1.0\;C:\WINDOWS\System32\OpenSSH\;C:\Program Files\Git\cmd;C:\Program Files\Pandoc\;C:\Program Files\NVIDIA Corporation\NVIDIA app\NvDLISR;C:\Program Files\MATLAB\R2024b\bin;C:\Program Files\dotnet\;C:\Program Files\apache-maven-3.9.9\bin;C:\Program Files\Java\jdk-21\bin;%M2_HOME%\bin;C:\Users\jeppe\AppData\Local\Programs\Python\Python311\Scripts\;C:\Users\jeppe\AppData\Local\Programs\Python\Python311\;C:\Users\jeppe\AppData\Local\Programs\Python\Launcher\;C:\Users\jeppe\AppData\Local\Microsoft\WindowsApps;C:\Users\jeppe\AppData\Local\Programs\Microsoft VS Code\bin;C:\Users\jeppe\AppData\Local\Programs\MiKTeX\miktex\bin\x64\;C:\intelFPGA_lite\20.1\modelsim_ase\win32aloem;C:\Users\jeppe\OneDrive\Skrivebord\jdk-23.0.1\bin;;c:\Users\jeppe\AppData\Roaming\Code\User\globalStorage\github.copilot-chat\debugCommand;."/>
    <property name="java.vm.info" value="mixed mode"/>
    <property name="stderr.encoding" value="Cp1252"/>
    <property name="java.vendor" value="Oracle Corporation"/>
    <property name="java.vm.version" value="21.0.6+8-LTS-188"/>
    <property name="sun.io.unicode.encoding" value="UnicodeLittle"/>
    <property name="java.class.version" value="65.0"/>
  </properties>
  <testcase name="Activity Register #Jeppe - Register to an activity as employee" classname="Activity Register #Jeppe" time="0.617">
    <system-out><![CDATA[
Scenario: Register to an activity as employee                   &amp#27;[90m# features/Activity.feature:3&amp#27;[0m
  &amp#27;[32mGiven &amp#27;[0m&amp#27;[32man activity with name &amp#27;[0m&amp#27;[32m&amp#27;[1m"cook"&amp#27;[0m&amp#27;[32m and a project leader&amp#27;[0m       &amp#27;[90m# hellocucumber.StepDefinitionsActivity.anActivityWithAProjectLeader(java.lang.String)&amp#27;[0m
  &amp#27;[32mWhen &amp#27;[0m&amp#27;[32man employee with UID &amp#27;[0m&amp#27;[32m&amp#27;[1m"XX12"&amp#27;[0m&amp#27;[32m requests to join an activity&amp#27;[0m &amp#27;[90m# hellocucumber.StepDefinitionsActivity.anEmployeeWithUIDRequestsToJoinAnActivity(java.lang.String)&amp#27;[0m
  &amp#27;[32mThen &amp#27;[0m&amp#27;[32mthe employee with UID &amp#27;[0m&amp#27;[32m&amp#27;[1m"XX12"&amp#27;[0m&amp#27;[32m is added to the activity&amp#27;[0m    &amp#27;[90m# hellocucumber.StepDefinitionsActivity.theEmployeeWithUIDIsAddedToTheActivity(java.lang.String)&amp#27;[0m
]]></system-out>
    <system-err><![CDATA[May 08, 2025 4:54:51 PM io.cucumber.junit.platform.engine.DiscoverySelectorResolver warnWhenCucumberFeaturesPropertyIsUsed
WARNING: Discovering tests using the cucumber.features property. Other discovery selectors are ignored!

This is a work around for the limited JUnit 5 support in Maven and Gradle. Please request/upvote/sponsor/ect better support for JUnit 5 discovery selectors. For details see: https://github.com/cucumber/cucumber-jvm/pull/2498

If you are using the JUnit 5 Suite Engine, Platform Launcher API or Console Launcher you should not use this property. Please consult the JUnit 5 documentation on test selection.
]]></system-err>
  </testcase>
  <testcase name="Activity Register #Jeppe - Register an employee for an activity as a project leader" classname="Activity Register #Jeppe" time="0.099">
    <system-out><![CDATA[
Scenario: Register an employee for an activity as a project leader                               &amp#27;[90m# features/Activity.feature:8&amp#27;[0m
  &amp#27;[32mGiven &amp#27;[0m&amp#27;[32man activity with name &amp#27;[0m&amp#27;[32m&amp#27;[1m"cook"&amp#27;[0m&amp#27;[32m and a project leader and free timeslots&amp#27;[0m                     &amp#27;[90m# hellocucumber.StepDefinitionsActivity.an_activity_with_a_project_leader_and_free_timeslots(java.lang.String)&amp#27;[0m
  &amp#27;[32mWhen &amp#27;[0m&amp#27;[32mthe project leader with UID &amp#27;[0m&amp#27;[32m&amp#27;[1m"XX20"&amp#27;[0m&amp#27;[32m registers an employee with UID &amp#27;[0m&amp#27;[32m&amp#27;[1m"XX21"&amp#27;[0m&amp#27;[32m for the activity&amp#27;[0m &amp#27;[90m# hellocucumber.StepDefinitionsActivity.the_project_leader_with_UID_registers_an_employee_with_UID_for_the_activity(java.lang.String,java.lang.String)&amp#27;[0m
  &amp#27;[32mThen &amp#27;[0m&amp#27;[32mthe employee with UID &amp#27;[0m&amp#27;[32m&amp#27;[1m"XX21"&amp#27;[0m&amp#27;[32m is added to the activity&amp#27;[0m                                     &amp#27;[90m# hellocucumber.StepDefinitionsActivity.theEmployeeWithUIDIsAddedToTheActivity(java.lang.String)&amp#27;[0m
]]></system-out>
  </testcase>
  <testcase name="Activity Register #Jeppe - Change activity date" classname="Activity Register #Jeppe" time="0.095">
    <system-out><![CDATA[
Scenario: Change activity date                                                                &amp#27;[90m# features/Activity.feature:13&amp#27;[0m
  &amp#27;[32mGiven &amp#27;[0m&amp#27;[32man activity with name &amp#27;[0m&amp#27;[32m&amp#27;[1m"Build bench"&amp#27;[0m&amp#27;[32m and start date &amp#27;[0m&amp#27;[32m&amp#27;[1m2022&amp#27;[0m&amp#27;[32m &amp#27;[0m&amp#27;[32m&amp#27;[1m1&amp#27;[0m&amp#27;[32m &amp#27;[0m&amp#27;[32m&amp#27;[1m5&amp#27;[0m&amp#27;[32m and end date &amp#27;[0m&amp#27;[32m&amp#27;[1m2022&amp#27;[0m&amp#27;[32m &amp#27;[0m&amp#27;[32m&amp#27;[1m3&amp#27;[0m&amp#27;[32m &amp#27;[0m&amp#27;[32m&amp#27;[1m5&amp#27;[0m     &amp#27;[90m# hellocucumber.StepDefinitionsActivity.an_activity_with_name_and_start_date_and_end_date(java.lang.String,int,int,int,int,int,int)&amp#27;[0m
  &amp#27;[32mWhen &amp#27;[0m&amp#27;[32mthe project leader with UID &amp#27;[0m&amp#27;[32m&amp#27;[1m"XX20"&amp#27;[0m&amp#27;[32m sets the dates to &amp#27;[0m&amp#27;[32m&amp#27;[1m2022&amp#27;[0m&amp#27;[32m &amp#27;[0m&amp#27;[32m&amp#27;[1m2&amp#27;[0m&amp#27;[32m &amp#27;[0m&amp#27;[32m&amp#27;[1m5&amp#27;[0m&amp#27;[32m and &amp#27;[0m&amp#27;[32m&amp#27;[1m2022&amp#27;[0m&amp#27;[32m &amp#27;[0m&amp#27;[32m&amp#27;[1m4&amp#27;[0m&amp#27;[32m &amp#27;[0m&amp#27;[32m&amp#27;[1m5&amp#27;[0m             &amp#27;[90m# hellocucumber.StepDefinitionsActivity.the_project_leader_with_UID_sets_the_dates_to_and(java.lang.String,int,int,int,int,int,int)&amp#27;[0m
  &amp#27;[32mThen &amp#27;[0m&amp#27;[32mthe activity with name &amp#27;[0m&amp#27;[32m&amp#27;[1m"Build bench"&amp#27;[0m&amp#27;[32m now has start date &amp#27;[0m&amp#27;[32m&amp#27;[1m2022&amp#27;[0m&amp#27;[32m &amp#27;[0m&amp#27;[32m&amp#27;[1m2&amp#27;[0m&amp#27;[32m &amp#27;[0m&amp#27;[32m&amp#27;[1m5&amp#27;[0m&amp#27;[32m and end date &amp#27;[0m&amp#27;[32m&amp#27;[1m2022&amp#27;[0m&amp#27;[32m &amp#27;[0m&amp#27;[32m&amp#27;[1m4&amp#27;[0m&amp#27;[32m &amp#27;[0m&amp#27;[32m&amp#27;[1m5&amp#27;[0m &amp#27;[90m# hellocucumber.StepDefinitionsActivity.the_activity_with_name_now_has_start_date_and_end_date(java.lang.String,int,int,int,int,int,int)&amp#27;[0m
]]></system-out>
  </testcase>
  <testcase name="Activity Register #Jeppe - Add employee with 20 activites to a new activity" classname="Activity Register #Jeppe" time="0.069">
    <system-out><![CDATA[
Scenario: Add employee with 20 activites to a new activity                                                         &amp#27;[90m# features/Activity.feature:18&amp#27;[0m
  &amp#27;[32mGiven &amp#27;[0m&amp#27;[32man activity with name &amp#27;[0m&amp#27;[32m&amp#27;[1m"Build bench"&amp#27;[0m                                                                        &amp#27;[90m# hellocucumber.StepDefinitionsActivity.an_activity_with_name(java.lang.String)&amp#27;[0m
Error: The employee has reached the maximum number of ongoing activities.
  &amp#27;[32mWhen &amp#27;[0m&amp#27;[32man employee with UID &amp#27;[0m&amp#27;[32m&amp#27;[1m"XX02"&amp#27;[0m&amp#27;[32m who has &amp#27;[0m&amp#27;[32m&amp#27;[1m20&amp#27;[0m&amp#27;[32m ongoing activites tries to join the activity with name &amp#27;[0m&amp#27;[32m&amp#27;[1m"Build bench"&amp#27;[0m &amp#27;[90m# hellocucumber.StepDefinitionsActivity.an_employee_with_UID_who_has_ongoin_activites_tries_to_join_the_activity(java.lang.String,int,java.lang.String)&amp#27;[0m
  &amp#27;[32mThen &amp#27;[0m&amp#27;[32mthe employee with UID &amp#27;[0m&amp#27;[32m&amp#27;[1m"XX02"&amp#27;[0m&amp#27;[32m is not added to the activity&amp#27;[0m                                                   &amp#27;[90m# hellocucumber.StepDefinitionsActivity.the_employee_with_UID_is_not_added_to_the_activity(java.lang.String)&amp#27;[0m
]]></system-out>
  </testcase>
  <testcase name="Activity Register #Jeppe - Remove an employee from an activity" classname="Activity Register #Jeppe" time="0.052">
    <system-out><![CDATA[
Scenario: Remove an employee from an activity                                                    &amp#27;[90m# features/Activity.feature:23&amp#27;[0m
  &amp#27;[32mGiven &amp#27;[0m&amp#27;[32man activity with name &amp#27;[0m&amp#27;[32m&amp#27;[1m"Implementation"&amp#27;[0m&amp#27;[32m and an employee with UID &amp#27;[0m&amp#27;[32m&amp#27;[1m"XX02"&amp#27;[0m                   &amp#27;[90m# hellocucumber.StepDefinitionsActivity.an_activity_with_name_and_an_employee_with_UID(java.lang.String,java.lang.String)&amp#27;[0m
  &amp#27;[32mWhen &amp#27;[0m&amp#27;[32mthe project leader with UID &amp#27;[0m&amp#27;[32m&amp#27;[1m"XX20"&amp#27;[0m&amp#27;[32m removes the employee with UID &amp#27;[0m&amp#27;[32m&amp#27;[1m"XX02"&amp#27;[0m&amp#27;[32m from the activity&amp#27;[0m &amp#27;[90m# hellocucumber.StepDefinitionsActivity.the_project_leader_with_UID_removes_the_employee_with_UID_from_the_activity(java.lang.String,java.lang.String)&amp#27;[0m
  &amp#27;[32mThen &amp#27;[0m&amp#27;[32mthe employee with UID &amp#27;[0m&amp#27;[32m&amp#27;[1m"XX02"&amp#27;[0m&amp#27;[32m is removed from the activity&amp#27;[0m                                 &amp#27;[90m# hellocucumber.StepDefinitionsActivity.the_employee_with_UID_is_removed_from_the_activity(java.lang.String)&amp#27;[0m
]]></system-out>
  </testcase>
  <testcase name="Activity Register #Jeppe - Edit previously registered work hours" classname="Activity Register #Jeppe" time="0.073">
    <system-out><![CDATA[
Scenario: Edit previously registered work hours                                        &amp#27;[90m# features/Activity.feature:28&amp#27;[0m
  &amp#27;[32mGiven &amp#27;[0m&amp#27;[32man activity with name &amp#27;[0m&amp#27;[32m&amp#27;[1m"Testing"&amp#27;[0m&amp#27;[32m with &amp#27;[0m&amp#27;[32m&amp#27;[1m20&amp#27;[0m&amp#27;[32m hours budgeted and &amp#27;[0m&amp#27;[32m&amp#27;[1m10&amp#27;[0m&amp#27;[32m hours registered&amp#27;[0m &amp#27;[90m# hellocucumber.StepDefinitionsActivity.an_activity_with_name_with_hours_registered(java.lang.String,int,int)&amp#27;[0m
  &amp#27;[32mWhen &amp#27;[0m&amp#27;[32man employee adds &amp#27;[0m&amp#27;[32m&amp#27;[1m1&amp#27;[0m&amp#27;[32m hour to the registered work time&amp#27;[0m                             &amp#27;[90m# hellocucumber.StepDefinitionsActivity.an_employee_changes_the_registered_time_from_hours_to_hours(int)&amp#27;[0m
  &amp#27;[32mThen &amp#27;[0m&amp#27;[32mthe activity with name &amp#27;[0m&amp#27;[32m&amp#27;[1m"Testing"&amp#27;[0m&amp#27;[32m now has &amp#27;[0m&amp#27;[32m&amp#27;[1m11&amp#27;[0m&amp#27;[32m hours of registered time&amp#27;[0m            &amp#27;[90m# hellocucumber.StepDefinitionsActivity.the_activity_with_name_now_has_hours_of_registered_time(java.lang.String,int)&amp#27;[0m
]]></system-out>
  </testcase>
  <testcase name="Activity Register #Jeppe - Exceed registered hours" classname="Activity Register #Jeppe" time="0.038">
    <system-out><![CDATA[
Scenario: Exceed registered hours                                                      &amp#27;[90m# features/Activity.feature:33&amp#27;[0m
  &amp#27;[32mGiven &amp#27;[0m&amp#27;[32man activity with name &amp#27;[0m&amp#27;[32m&amp#27;[1m"Testing"&amp#27;[0m&amp#27;[32m with &amp#27;[0m&amp#27;[32m&amp#27;[1m20&amp#27;[0m&amp#27;[32m hours budgeted and &amp#27;[0m&amp#27;[32m&amp#27;[1m10&amp#27;[0m&amp#27;[32m hours registered&amp#27;[0m &amp#27;[90m# hellocucumber.StepDefinitionsActivity.an_activity_with_name_with_hours_registered(java.lang.String,int,int)&amp#27;[0m
  &amp#27;[32mWhen &amp#27;[0m&amp#27;[32man employee adds &amp#27;[0m&amp#27;[32m&amp#27;[1m15&amp#27;[0m&amp#27;[32m hours to the registered work time&amp#27;[0m                           &amp#27;[90m# hellocucumber.StepDefinitionsActivity.an_employee_adds_hours_to_the_registered_work_time(int)&amp#27;[0m
  &amp#27;[32mThen &amp#27;[0m&amp#27;[32mthe activity with name &amp#27;[0m&amp#27;[32m&amp#27;[1m"Testing"&amp#27;[0m&amp#27;[32m does not add the registered time&amp#27;[0m               &amp#27;[90m# hellocucumber.StepDefinitionsActivity.the_activity_with_name_does_not_add_the_registered_time(java.lang.String)&amp#27;[0m
]]></system-out>
  </testcase>
  <testcase name="Activity Register #Jeppe - Project leader wants to check budgeted hours and check if registered hours exceeds" classname="Activity Register #Jeppe" time="0.049">
    <system-out><![CDATA[
Scenario: Project leader wants to check budgeted hours and check if registered hours exceeds     &amp#27;[90m# features/Activity.feature:38&amp#27;[0m
  &amp#27;[32mGiven &amp#27;[0m&amp#27;[32man activity with name &amp#27;[0m&amp#27;[32m&amp#27;[1m"GetToWork"&amp#27;[0m&amp#27;[32m with &amp#27;[0m&amp#27;[32m&amp#27;[1m30&amp#27;[0m&amp#27;[32m hours budgeted&amp#27;[0m                                 &amp#27;[90m# hellocucumber.StepDefinitionsActivity.an_activity_with_name_with_hours_budgeted(java.lang.String,int)&amp#27;[0m
  &amp#27;[32mWhen &amp#27;[0m&amp#27;[32mthe project leader checks the budgeted hours to be &amp#27;[0m&amp#27;[32m&amp#27;[1m30&amp#27;[0m&amp#27;[32m hours&amp#27;[0m                               &amp#27;[90m# hellocucumber.StepDefinitionsActivity.the_project_leader_checks_the_budgeted_hours(int)&amp#27;[0m
  &amp#27;[32mAnd &amp#27;[0m&amp#27;[32mthe project leader checks the registered hours to be &amp#27;[0m&amp#27;[32m&amp#27;[1m15&amp#27;[0m&amp#27;[32m hours&amp#27;[0m                              &amp#27;[90m# hellocucumber.StepDefinitionsActivity.the_project_leader_checks_the_registered_hours_to_be_hours(int)&amp#27;[0m
  &amp#27;[32mThen &amp#27;[0m&amp#27;[32mthe project leader sees that the budgeted hours is &amp#27;[0m&amp#27;[32m&amp#27;[1m30&amp#27;[0m&amp#27;[32m and that the registered hours is &amp#27;[0m&amp#27;[32m&amp#27;[1m15&amp#27;[0m &amp#27;[90m# hellocucumber.StepDefinitionsActivity.the_project_leader_sees_that_the_budgeted_hours_is_and_that_the_registered_hours_is(int,int)&amp#27;[0m
]]></system-out>
  </testcase>
  <testcase name="Activity Register #Jeppe - A project leader wants to set the max users for an activity" classname="Activity Register #Jeppe" time="0.036">
    <system-out><![CDATA[
Scenario: A project leader wants to set the max users for an activity  &amp#27;[90m# features/Activity.feature:44&amp#27;[0m
  &amp#27;[32mGiven &amp#27;[0m&amp#27;[32man activity with name &amp#27;[0m&amp#27;[32m&amp#27;[1m"Build bench"&amp#27;[0m&amp#27;[32m and a project leader&amp#27;[0m       &amp#27;[90m# hellocucumber.StepDefinitionsActivity.anActivityWithAProjectLeader(java.lang.String)&amp#27;[0m
  &amp#27;[32mWhen &amp#27;[0m&amp#27;[32mthe project leader sets the max users to &amp#27;[0m&amp#27;[32m&amp#27;[1m5&amp#27;[0m                      &amp#27;[90m# hellocucumber.StepDefinitionsActivity.the_project_leader_sets_the_max_users_to(int)&amp#27;[0m
  &amp#27;[32mThen &amp#27;[0m&amp#27;[32mthe activity with name &amp#27;[0m&amp#27;[32m&amp#27;[1m"Build bench"&amp#27;[0m&amp#27;[32m now has max users set to &amp#27;[0m&amp#27;[32m&amp#27;[1m5&amp#27;[0m &amp#27;[90m# hellocucumber.StepDefinitionsActivity.the_activity_with_name_now_has_max_users_set_to(java.lang.String,int)&amp#27;[0m
]]></system-out>
  </testcase>
  <testcase name="Activity Register #Jeppe - A project leader wants to edit budgeted time and change start date and end date and change the name of the activity" classname="Activity Register #Jeppe" time="0.052">
    <system-out><![CDATA[
Scenario: A project leader wants to edit budgeted time and change start date and end date and change the name of the activity                                                    &amp#27;[90m# features/Activity.feature:49&amp#27;[0m
  &amp#27;[32mGiven &amp#27;[0m&amp#27;[32man activity with name &amp#27;[0m&amp#27;[32m&amp#27;[1m"Build bench"&amp#27;[0m&amp#27;[32m and a project leader&amp#27;[0m                                                                                                                 &amp#27;[90m# hellocucumber.StepDefinitionsActivity.anActivityWithAProjectLeader(java.lang.String)&amp#27;[0m
  &amp#27;[32mWhen &amp#27;[0m&amp#27;[32mthe project leader want to add &amp#27;[0m&amp#27;[32m&amp#27;[1m5&amp#27;[0m&amp#27;[32m hours to &amp#27;[0m&amp#27;[32m&amp#27;[1m20&amp#27;[0m&amp#27;[32m hours budgeted time and changes the start date to &amp#27;[0m&amp#27;[32m&amp#27;[1m2022&amp#27;[0m&amp#27;[32m &amp#27;[0m&amp#27;[32m&amp#27;[1m5&amp#27;[0m&amp#27;[32m &amp#27;[0m&amp#27;[32m&amp#27;[1m5&amp#27;[0m&amp#27;[32m and end date to &amp#27;[0m&amp#27;[32m&amp#27;[1m2022&amp#27;[0m&amp#27;[32m &amp#27;[0m&amp#27;[32m&amp#27;[1m7&amp#27;[0m&amp#27;[32m &amp#27;[0m&amp#27;[32m&amp#27;[1m15&amp#27;[0m&amp#27;[32m and change the name to &amp#27;[0m&amp#27;[32m&amp#27;[1m"Demolish bench"&amp#27;[0m &amp#27;[90m# hellocucumber.StepDefinitionsActivity.the_project_leader_want_to_add_hours_to_hours_budgeted_time_and_changes_the_start_date_to_and_end_date_to(int,int,int,int,int,int,int,int,java.lang.String)&amp#27;[0m
  &amp#27;[32mThen &amp#27;[0m&amp#27;[32mthe activity with name &amp#27;[0m&amp#27;[32m&amp#27;[1m"Build bench"&amp#27;[0m&amp#27;[32m now has budgeted time set to &amp#27;[0m&amp#27;[32m&amp#27;[1m25&amp#27;[0m&amp#27;[32m hours and start date &amp#27;[0m&amp#27;[32m&amp#27;[1m2022&amp#27;[0m&amp#27;[32m &amp#27;[0m&amp#27;[32m&amp#27;[1m5&amp#27;[0m&amp#27;[32m &amp#27;[0m&amp#27;[32m&amp#27;[1m5&amp#27;[0m&amp#27;[32m and end date &amp#27;[0m&amp#27;[32m&amp#27;[1m2022&amp#27;[0m&amp#27;[32m &amp#27;[0m&amp#27;[32m&amp#27;[1m7&amp#27;[0m&amp#27;[32m &amp#27;[0m&amp#27;[32m&amp#27;[1m15&amp#27;[0m&amp#27;[32m and name &amp#27;[0m&amp#27;[32m&amp#27;[1m"Demolish bench"&amp#27;[0m                       &amp#27;[90m# hellocucumber.StepDefinitionsActivity.the_activity_with_name_now_has_budgeted_time_set_to_hours_and_start_date_and_end_date(java.lang.String,int,int,int,int,int,int,int,java.lang.String)&amp#27;[0m
]]></system-out>
  </testcase>
  <testcase name="Activity Register #Jeppe - A project leader sets fixed activities" classname="Activity Register #Jeppe" time="0.037">
    <system-out><![CDATA[
Scenario: A project leader sets fixed activities             &amp#27;[90m# features/Activity.feature:54&amp#27;[0m
  &amp#27;[32mGiven &amp#27;[0m&amp#27;[32man activity with name &amp#27;[0m&amp#27;[32m&amp#27;[1m"Weekend"&amp#27;[0m&amp#27;[32m and a project leader&amp#27;[0m &amp#27;[90m# hellocucumber.StepDefinitionsActivity.anActivityWithAProjectLeader(java.lang.String)&amp#27;[0m
  &amp#27;[32mWhen &amp#27;[0m&amp#27;[32mthe project leader sets activity to be fixed&amp#27;[0m          &amp#27;[90m# hellocucumber.StepDefinitionsActivity.the_project_leader_sets_activity_to_be_fixed()&amp#27;[0m
  &amp#27;[32mThen &amp#27;[0m&amp#27;[32mthe activity with name &amp#27;[0m&amp#27;[32m&amp#27;[1m"Weekend"&amp#27;[0m&amp#27;[32m is now fixed&amp#27;[0m         &amp#27;[90m# hellocucumber.StepDefinitionsActivity.the_activity_with_name_is_now_fixed(java.lang.String)&amp#27;[0m
]]></system-out>
  </testcase>
  <testcase name="Activity Register #Jeppe - A user wants to log negative hours" classname="Activity Register #Jeppe" time="0.033">
    <system-out><![CDATA[
Scenario: A user wants to log negative hours                 &amp#27;[90m# features/Activity.feature:59&amp#27;[0m
  &amp#27;[32mGiven &amp#27;[0m&amp#27;[32man activity with name &amp#27;[0m&amp#27;[32m&amp#27;[1m"Weekend"&amp#27;[0m&amp#27;[32m and a project leader&amp#27;[0m &amp#27;[90m# hellocucumber.StepDefinitionsActivity.anActivityWithAProjectLeader(java.lang.String)&amp#27;[0m
  &amp#27;[32mWhen &amp#27;[0m&amp#27;[32mthe user tries to log &amp#27;[0m&amp#27;[32m&amp#27;[1m-10&amp#27;[0m&amp#27;[32m hours&amp#27;[0m                       &amp#27;[90m# hellocucumber.StepDefinitionsActivity.the_user_tries_to_log_hours(int)&amp#27;[0m
  &amp#27;[32mThen &amp#27;[0m&amp#27;[32mthe user is not able to log negative hours&amp#27;[0m            &amp#27;[90m# hellocucumber.StepDefinitionsActivity.the_user_is_not_able_to_log_negative_hours()&amp#27;[0m
]]></system-out>
  </testcase>
  <testcase name="Project Leader #Frank - Add project &quot;projectTest&quot; leader to project with already existing project leader" classname="Project Leader #Frank" time="0.044">
    <system-out><![CDATA[
Scenario: Add project "projectTest" leader to project with already existing project leader &amp#27;[90m# features/Add_Leader_Fail.feature:3&amp#27;[0m
  &amp#27;[32mGiven &amp#27;[0m&amp#27;[32ma Project &amp#27;[0m&amp#27;[32m&amp#27;[1m"testproject"&amp#27;[0m&amp#27;[32m with a project leader with UID &amp#27;[0m&amp#27;[32m&amp#27;[1m"ELLE"&amp#27;[0m                      &amp#27;[90m# hellocucumber.StepDefinitionsProject.aProjectWithAProjectLeaderWithUID(java.lang.String,java.lang.String)&amp#27;[0m
  &amp#27;[32mWhen &amp#27;[0m&amp#27;[32man employee with UID &amp#27;[0m&amp#27;[32m&amp#27;[1m"HUBA"&amp#27;[0m&amp#27;[32m tries to become project leader&amp#27;[0m                          &amp#27;[90m# hellocucumber.StepDefinitionsProject.anEmployeeWithUIDTriesToBecomeProjectLeader(java.lang.String)&amp#27;[0m
  &amp#27;[32mThen &amp#27;[0m&amp#27;[32mthe employee with UID &amp#27;[0m&amp#27;[32m&amp#27;[1m"HUBA"&amp#27;[0m&amp#27;[32m is not project leader&amp#27;[0m                                  &amp#27;[90m# hellocucumber.StepDefinitionsProject.theemployeewithUIDisnotprojectleader(java.lang.String)&amp#27;[0m
]]></system-out>
  </testcase>
  <testcase name="App capabilities - A new user is added to the program" classname="App capabilities" time="0.034">
    <system-out><![CDATA[
Scenario: A new user is added to the program        &amp#27;[90m# features/App capabilities.feature:3&amp#27;[0m
  &amp#27;[32mGiven &amp#27;[0m&amp#27;[32mAn app&amp#27;[0m                                      &amp#27;[90m# hellocucumber.StepDefinitionsApp.anApp()&amp#27;[0m
  &amp#27;[32mWhen &amp#27;[0m&amp#27;[32mA new user registers and enters a UID &amp#27;[0m&amp#27;[32m&amp#27;[1m"ELLE"&amp#27;[0m &amp#27;[90m# hellocucumber.StepDefinitionsApp.aNewUserRegistersAndEntersAUID(java.lang.String)&amp#27;[0m
  &amp#27;[32mThen &amp#27;[0m&amp#27;[32mA user with the name &amp#27;[0m&amp#27;[32m&amp#27;[1m"ELLE"&amp#27;[0m&amp#27;[32m exists&amp#27;[0m           &amp#27;[90m# hellocucumber.StepDefinitionsApp.aUserWithTheNameExists(java.lang.String)&amp#27;[0m
]]></system-out>
  </testcase>
  <testcase name="App capabilities - A new user tries to register with the name UID as an already registered user" classname="App capabilities" time="0.029">
    <system-out><![CDATA[
Scenario: A new user tries to register with the name UID as an already registered user &amp#27;[90m# features/App capabilities.feature:9&amp#27;[0m
  &amp#27;[32mGiven &amp#27;[0m&amp#27;[32mAn app with a user with UID: &amp#27;[0m&amp#27;[32m&amp#27;[1m"ELLE"&amp#27;[0m                                            &amp#27;[90m# hellocucumber.StepDefinitionsApp.anAppAndANewUserWithTheUID(java.lang.String)&amp#27;[0m
  &amp#27;[32mWhen &amp#27;[0m&amp#27;[32mA new user registers and enters an existing UID &amp#27;[0m&amp#27;[32m&amp#27;[1m"ELLE"&amp#27;[0m                          &amp#27;[90m# hellocucumber.StepDefinitionsApp.aNewUserRegistersAndEntersAnExistingUID(java.lang.String)&amp#27;[0m
  &amp#27;[32mThen &amp#27;[0m&amp#27;[32mregistration fails&amp#27;[0m                                                              &amp#27;[90m# hellocucumber.StepDefinitionsApp.registrationFails()&amp#27;[0m
]]></system-out>
  </testcase>
  <testcase name="Project things - Create a new project" classname="Project things" time="0.039">
    <system-out><![CDATA[
Scenario: Create a new project                &amp#27;[90m# features/Project.feature:3&amp#27;[0m
  &amp#27;[32mGiven &amp#27;[0m&amp#27;[32man app that exist&amp#27;[0m                     &amp#27;[90m# hellocucumber.StepDefinitionsProject.an_app_that_exist()&amp#27;[0m
  &amp#27;[32mWhen &amp#27;[0m&amp#27;[32ma project with name &amp#27;[0m&amp#27;[32m&amp#27;[1m"name1"&amp#27;[0m&amp#27;[32m is created&amp#27;[0m &amp#27;[90m# hellocucumber.StepDefinitionsProject.a_project_with_name_is_created(java.lang.String)&amp#27;[0m
  &amp#27;[32mThen &amp#27;[0m&amp#27;[32mthe project with name &amp#27;[0m&amp#27;[32m&amp#27;[1m"name1"&amp#27;[0m&amp#27;[32m exists&amp#27;[0m   &amp#27;[90m# hellocucumber.StepDefinitionsProject.the_project_with_name_exists(java.lang.String)&amp#27;[0m
]]></system-out>
  </testcase>
  <testcase name="Project things - Register a new activity" classname="Project things" time="0.023">
    <system-out><![CDATA[
Scenario: Register a new activity                                                       &amp#27;[90m# features/Project.feature:8&amp#27;[0m
  &amp#27;[32mGiven &amp#27;[0m&amp#27;[32ma Project with name &amp#27;[0m&amp#27;[32m&amp#27;[1m"Maintenance"&amp#27;[0m                                               &amp#27;[90m# hellocucumber.StepDefinitionsProject.a_Project_with_name(java.lang.String)&amp#27;[0m
  &amp#27;[32mWhen &amp#27;[0m&amp#27;[32man employee who is not the project leader adds new activity with name &amp#27;[0m&amp#27;[32m&amp#27;[1m"Cleaning"&amp#27;[0m &amp#27;[90m# hellocucumber.StepDefinitionsProject.an_employee_who_is_not_the_project_leader_adds_new_activity_with_name(java.lang.String)&amp#27;[0m
  &amp#27;[32mThen &amp#27;[0m&amp#27;[32mthe Project has an activity named &amp#27;[0m&amp#27;[32m&amp#27;[1m"Cleaning"&amp#27;[0m                                     &amp#27;[90m# hellocucumber.StepDefinitionsProject.the_Project_has_an_activity_named(java.lang.String)&amp#27;[0m
]]></system-out>
  </testcase>
  <testcase name="Project things - Timeregistering" classname="Project things" time="0.035">
    <system-out><![CDATA[
Scenario: Timeregistering                                                                  &amp#27;[90m# features/Project.feature:13&amp#27;[0m
  &amp#27;[32mGiven &amp#27;[0m&amp#27;[32ma Project with name &amp#27;[0m&amp#27;[32m&amp#27;[1m"Maintenance"&amp#27;[0m&amp#27;[32m and activity named &amp#27;[0m&amp#27;[32m&amp#27;[1m"Cleaning"&amp#27;[0m                    &amp#27;[90m# hellocucumber.StepDefinitionsProject.a_Project_with_name_and_activity_named(java.lang.String,java.lang.String)&amp#27;[0m
  &amp#27;[32mWhen &amp#27;[0m&amp#27;[32man employee with UID &amp#27;[0m&amp#27;[32m&amp#27;[1m"XX01"&amp#27;[0m&amp#27;[32m registers time for the activity &amp#27;[0m&amp#27;[32m&amp#27;[1m"Cleaning"&amp#27;[0m&amp#27;[32m with &amp#27;[0m&amp#27;[32m&amp#27;[1m2&amp#27;[0m&amp#27;[32m hours&amp#27;[0m &amp#27;[90m# hellocucumber.StepDefinitionsProject.an_employee_with_UID_registers_time_for_the_activity_with_hours(java.lang.String,java.lang.String,int)&amp#27;[0m
  &amp#27;[32mAnd &amp#27;[0m&amp#27;[32mactivity &amp#27;[0m&amp#27;[32m&amp#27;[1m"Cleaning"&amp#27;[0m&amp#27;[32m has &amp#27;[0m&amp#27;[32m&amp#27;[1m0&amp#27;[0m&amp#27;[32m hours worked&amp#27;[0m                                               &amp#27;[90m# hellocucumber.StepDefinitionsProject.activity_has_hours_worked(java.lang.String,int)&amp#27;[0m
  &amp#27;[32mAnd &amp#27;[0m&amp#27;[32mactivity &amp#27;[0m&amp#27;[32m&amp#27;[1m"Cleaning"&amp#27;[0m&amp#27;[32m has &amp#27;[0m&amp#27;[32m&amp#27;[1m30&amp#27;[0m&amp#27;[32m available hours&amp#27;[0m                                           &amp#27;[90m# hellocucumber.StepDefinitionsProject.activity_has_available_hours(java.lang.String,int)&amp#27;[0m
  &amp#27;[32mThen &amp#27;[0m&amp#27;[32mactivity &amp#27;[0m&amp#27;[32m&amp#27;[1m"Cleaning"&amp#27;[0m&amp#27;[32m has &amp#27;[0m&amp#27;[32m&amp#27;[1m2&amp#27;[0m&amp#27;[32m hours worked and &amp#27;[0m&amp#27;[32m&amp#27;[1m28&amp#27;[0m&amp#27;[32m hours available&amp#27;[0m                       &amp#27;[90m# hellocucumber.StepDefinitionsProject.activity_has_hours_worked_and_hours_available(java.lang.String,int,int)&amp#27;[0m
]]></system-out>
  </testcase>
  <testcase name="Project things - Register a user as project leader" classname="Project things" time="0.025">
    <system-out><![CDATA[
Scenario: Register a user as project leader                                                      &amp#27;[90m# features/Project.feature:20&amp#27;[0m
  &amp#27;[32mGiven &amp#27;[0m&amp#27;[32ma Project with name &amp#27;[0m&amp#27;[32m&amp#27;[1m"Maintenance"&amp#27;[0m&amp#27;[32m and activity named &amp#27;[0m&amp#27;[32m&amp#27;[1m"Cleaning"&amp#27;[0m&amp#27;[32m without a project leader&amp#27;[0m &amp#27;[90m# hellocucumber.StepDefinitionsProject.a_Project_with_name_and_activity_named_without_a_project_leader(java.lang.String,java.lang.String)&amp#27;[0m
  &amp#27;[32mWhen &amp#27;[0m&amp#27;[32man employee with UID &amp#27;[0m&amp#27;[32m&amp#27;[1m"ELLE"&amp#27;[0m&amp#27;[32m is registered to the project takes the role as project leader&amp#27;[0m &amp#27;[90m# hellocucumber.StepDefinitionsProject.an_employee_with_UID_is_registered_to_the_project_takes_the_role_as_project_leader(java.lang.String)&amp#27;[0m
  &amp#27;[32mThen &amp#27;[0m&amp#27;[32mthe Project with name &amp#27;[0m&amp#27;[32m&amp#27;[1m"Maintenance"&amp#27;[0m&amp#27;[32m has a project leader with the UID &amp#27;[0m&amp#27;[32m&amp#27;[1m"ELLE"&amp#27;[0m              &amp#27;[90m# hellocucumber.StepDefinitionsProject.the_Project_with_name_has_a_project_leader_with_the_UID(java.lang.String,java.lang.String)&amp#27;[0m
]]></system-out>
  </testcase>
  <testcase name="Project things - Check total assignmed time across all activities" classname="Project things" time="0.029">
    <system-out><![CDATA[
Scenario: Check total assignmed time across all activities                                             &amp#27;[90m# features/Project.feature:25&amp#27;[0m
  &amp#27;[32mGiven &amp#27;[0m&amp#27;[32ma Project with name &amp#27;[0m&amp#27;[32m&amp#27;[1m"Maintenance"&amp#27;[0m&amp#27;[32m and activity with name &amp#27;[0m&amp#27;[32m&amp#27;[1m"Conference room"&amp#27;[0m&amp#27;[32m with &amp#27;[0m&amp#27;[32m&amp#27;[1m2&amp#27;[0m&amp#27;[32m hours worked&amp#27;[0m &amp#27;[90m# hellocucumber.StepDefinitionsProject.a_Project_with_name_and_activity_with_name_with_hours_worked(java.lang.String,java.lang.String,int)&amp#27;[0m
  &amp#27;[32mAnd &amp#27;[0m&amp#27;[32mactivity with name &amp#27;[0m&amp#27;[32m&amp#27;[1m"Hallway"&amp#27;[0m&amp#27;[32m with &amp#27;[0m&amp#27;[32m&amp#27;[1m3&amp#27;[0m&amp#27;[32m hours worked&amp#27;[0m                                                 &amp#27;[90m# hellocucumber.StepDefinitionsProject.activity_with_name_with_hours_worked(java.lang.String,int)&amp#27;[0m
  &amp#27;[32mAnd &amp#27;[0m&amp#27;[32mactivity with name &amp#27;[0m&amp#27;[32m&amp#27;[1m"Bathroom"&amp#27;[0m&amp#27;[32m with &amp#27;[0m&amp#27;[32m&amp#27;[1m1&amp#27;[0m&amp#27;[32m hour worked&amp#27;[0m                                                 &amp#27;[90m# hellocucumber.StepDefinitionsProject.activity_with_name_with_hour_worked(java.lang.String,int)&amp#27;[0m
  &amp#27;[32mWhen &amp#27;[0m&amp#27;[32mthe project leader checks the total assigned time across all activities&amp#27;[0m                         &amp#27;[90m# hellocucumber.StepDefinitionsProject.the_project_leader_checks_the_total_assigned_time_across_all_activities()&amp#27;[0m
  &amp#27;[32mThen &amp#27;[0m&amp#27;[32mthe total assigned time is &amp#27;[0m&amp#27;[32m&amp#27;[1m6&amp#27;[0m&amp#27;[32m hours&amp#27;[0m                                                              &amp#27;[90m# hellocucumber.StepDefinitionsProject.the_total_assigned_time_is_hours(int)&amp#27;[0m
]]></system-out>
  </testcase>
  <testcase name="Project things - A project leader wants to generate a report" classname="Project things" time="0.054">
    <system-out><![CDATA[
Scenario: A project leader wants to generate a report                                                                                                 &amp#27;[90m# features/Project.feature:32&amp#27;[0m
  &amp#27;[32mGiven &amp#27;[0m&amp#27;[32ma Project with name &amp#27;[0m&amp#27;[32m&amp#27;[1m"Maintenance"&amp#27;[0m&amp#27;[32m and activity with name &amp#27;[0m&amp#27;[32m&amp#27;[1m"Conference room"&amp#27;[0m&amp#27;[32m with &amp#27;[0m&amp#27;[32m&amp#27;[1m2&amp#27;[0m&amp#27;[32m hours worked with start Date &amp#27;[0m&amp#27;[32m&amp#27;[1m2023&amp#27;[0m&amp#27;[32m &amp#27;[0m&amp#27;[32m&amp#27;[1m5&amp#27;[0m&amp#27;[32m &amp#27;[0m&amp#27;[32m&amp#27;[1m5&amp#27;[0m&amp#27;[32m and End date &amp#27;[0m&amp#27;[32m&amp#27;[1m2023&amp#27;[0m&amp#27;[32m &amp#27;[0m&amp#27;[32m&amp#27;[1m6&amp#27;[0m&amp#27;[32m &amp#27;[0m&amp#27;[32m&amp#27;[1m5&amp#27;[0m &amp#27;[90m# hellocucumber.StepDefinitionsProject.a_Project_with_name_and_activity_with_name_with_hours_worked_with_start_Date_and_End_date(java.lang.String,java.lang.String,int,int,int,int,int,int,int)&amp#27;[0m
  &amp#27;[32mAnd &amp#27;[0m&amp#27;[32mactivity with name &amp#27;[0m&amp#27;[32m&amp#27;[1m"Hallway"&amp#27;[0m&amp#27;[32m with &amp#27;[0m&amp#27;[32m&amp#27;[1m3&amp#27;[0m&amp#27;[32m hours worked with start Date &amp#27;[0m&amp#27;[32m&amp#27;[1m2023&amp#27;[0m&amp#27;[32m &amp#27;[0m&amp#27;[32m&amp#27;[1m5&amp#27;[0m&amp#27;[32m &amp#27;[0m&amp#27;[32m&amp#27;[1m5&amp#27;[0m&amp#27;[32m and End date &amp#27;[0m&amp#27;[32m&amp#27;[1m2023&amp#27;[0m&amp#27;[32m &amp#27;[0m&amp#27;[32m&amp#27;[1m6&amp#27;[0m&amp#27;[32m &amp#27;[0m&amp#27;[32m&amp#27;[1m5&amp#27;[0m                                                 &amp#27;[90m# hellocucumber.StepDefinitionsProject.activity_with_name_with_hours_worked_with_start_Date_and_End_date(java.lang.String,int,int,int,int,int,int,int)&amp#27;[0m
  &amp#27;[32mAnd &amp#27;[0m&amp#27;[32mactivity with name &amp#27;[0m&amp#27;[32m&amp#27;[1m"Bathroom"&amp#27;[0m&amp#27;[32m with &amp#27;[0m&amp#27;[32m&amp#27;[1m1&amp#27;[0m&amp#27;[32m hour worked with start Date &amp#27;[0m&amp#27;[32m&amp#27;[1m2023&amp#27;[0m&amp#27;[32m &amp#27;[0m&amp#27;[32m&amp#27;[1m5&amp#27;[0m&amp#27;[32m &amp#27;[0m&amp#27;[32m&amp#27;[1m5&amp#27;[0m&amp#27;[32m and End date &amp#27;[0m&amp#27;[32m&amp#27;[1m2023&amp#27;[0m&amp#27;[32m &amp#27;[0m&amp#27;[32m&amp#27;[1m6&amp#27;[0m&amp#27;[32m &amp#27;[0m&amp#27;[32m&amp#27;[1m5&amp#27;[0m                                                 &amp#27;[90m# hellocucumber.StepDefinitionsProject.activity_with_name_with_hour_worked_with_start_Date_and_End_date(java.lang.String,int,int,int,int,int,int,int)&amp#27;[0m
  &amp#27;[32mWhen &amp#27;[0m&amp#27;[32mthe project leader generates a report for the project&amp#27;[0m                                                                                          &amp#27;[90m# hellocucumber.StepDefinitionsProject.the_project_leader_generates_a_report_for_the_project()&amp#27;[0m
  &amp#27;[32mThen &amp#27;[0m&amp#27;[32mthe report contains the total assigned time of &amp#27;[0m&amp#27;[32m&amp#27;[1m6&amp#27;[0m&amp#27;[32m hours and Start date &amp#27;[0m&amp#27;[32m&amp#27;[1m2023&amp#27;[0m&amp#27;[32m &amp#27;[0m&amp#27;[32m&amp#27;[1m5&amp#27;[0m&amp#27;[32m &amp#27;[0m&amp#27;[32m&amp#27;[1m5&amp#27;[0m&amp#27;[32m and End date &amp#27;[0m&amp#27;[32m&amp#27;[1m2023&amp#27;[0m&amp#27;[32m &amp#27;[0m&amp#27;[32m&amp#27;[1m6&amp#27;[0m&amp#27;[32m &amp#27;[0m&amp#27;[32m&amp#27;[1m5&amp#27;[0m                                           &amp#27;[90m# hellocucumber.StepDefinitionsProject.the_report_contains_the_total_assigned_time_of_hours_and_Start_date_and_End_date(int,int,int,int,int,int,int)&amp#27;[0m
]]></system-out>
  </testcase>
  <testcase name="user methode tests - get availablity of a user" classname="user methode tests" time="0.051">
    <system-out><![CDATA[
Scenario: get availablity of a user                                           &amp#27;[90m# features/UserTests.feature:3&amp#27;[0m
  &amp#27;[32mGiven &amp#27;[0m&amp#27;[32mAn app with a user with UID: &amp#27;[0m&amp#27;[32m&amp#27;[1m"PRIK"&amp#27;[0m&amp#27;[32m exists&amp#27;[0m                            &amp#27;[90m# hellocucumber.StepDefinitionsUser.An_app_with_a_user_with_UID_exists(java.lang.String)&amp#27;[0m
  &amp#27;[32mAnd &amp#27;[0m&amp#27;[32muser is not registered to any activity&amp#27;[0m                                  &amp#27;[90m# hellocucumber.StepDefinitionsUser.user_is_not_registered_to_any_activity()&amp#27;[0m
  &amp#27;[32mWhen &amp#27;[0m&amp#27;[32muser checks availability in time span &amp#27;[0m&amp#27;[32m&amp#27;[1m2023&amp#27;[0m&amp#27;[32m &amp#27;[0m&amp#27;[32m&amp#27;[1m10&amp#27;[0m&amp#27;[32m &amp#27;[0m&amp#27;[32m&amp#27;[1m1&amp#27;[0m&amp#27;[32m to &amp#27;[0m&amp#27;[32m&amp#27;[1m2023&amp#27;[0m&amp#27;[32m &amp#27;[0m&amp#27;[32m&amp#27;[1m11&amp#27;[0m&amp#27;[32m &amp#27;[0m&amp#27;[32m&amp#27;[1m1&amp#27;[0m           &amp#27;[90m# hellocucumber.StepDefinitionsUser.user_checks_availability_in_time_span(int,int,int,int,int,int)&amp#27;[0m
  &amp#27;[32mThen &amp#27;[0m&amp#27;[32muser with UID: &amp#27;[0m&amp#27;[32m&amp#27;[1m"PRIK"&amp#27;[0m&amp#27;[32m is available in time span &amp#27;[0m&amp#27;[32m&amp#27;[1m2023&amp#27;[0m&amp#27;[32m &amp#27;[0m&amp#27;[32m&amp#27;[1m10&amp#27;[0m&amp#27;[32m &amp#27;[0m&amp#27;[32m&amp#27;[1m1&amp#27;[0m&amp#27;[32m to &amp#27;[0m&amp#27;[32m&amp#27;[1m2023&amp#27;[0m&amp#27;[32m &amp#27;[0m&amp#27;[32m&amp#27;[1m11&amp#27;[0m&amp#27;[32m &amp#27;[0m&amp#27;[32m&amp#27;[1m1&amp#27;[0m &amp#27;[90m# hellocucumber.StepDefinitionsUser.user_with_UID_is_available_in_time_span(java.lang.String,int,int,int,int,int,int)&amp#27;[0m
]]></system-out>
  </testcase>
  <testcase name="user methode tests - register time of a user" classname="user methode tests" time="0.028">
    <system-out><![CDATA[
Scenario: register time of a user                     &amp#27;[90m# features/UserTests.feature:9&amp#27;[0m
  &amp#27;[32mGiven &amp#27;[0m&amp#27;[32mAn app with a user with UID: &amp#27;[0m&amp#27;[32m&amp#27;[1m"PRIK"&amp#27;[0m&amp#27;[32m exists&amp#27;[0m    &amp#27;[90m# hellocucumber.StepDefinitionsUser.An_app_with_a_user_with_UID_exists(java.lang.String)&amp#27;[0m
  &amp#27;[32mWhen &amp#27;[0m&amp#27;[32muser registers &amp#27;[0m&amp#27;[32m&amp#27;[1m5&amp#27;[0m&amp#27;[32m hours worked&amp#27;[0m                  &amp#27;[90m# hellocucumber.StepDefinitionsUser.user_with_UID_registers_hours_worked(int)&amp#27;[0m
  &amp#27;[32mThen &amp#27;[0m&amp#27;[32muser with UID: &amp#27;[0m&amp#27;[32m&amp#27;[1m"PRIK"&amp#27;[0m&amp#27;[32m has &amp#27;[0m&amp#27;[32m&amp#27;[1m5&amp#27;[0m&amp#27;[32m hours worked today&amp#27;[0m &amp#27;[90m# hellocucumber.StepDefinitionsUser.user_with_UID_has_hours_worked_today(java.lang.String,int)&amp#27;[0m
]]></system-out>
  </testcase>
  <testcase name="user methode tests - defines daily work time" classname="user methode tests" time="0.028">
    <system-out><![CDATA[
Scenario: defines daily work time                           &amp#27;[90m# features/UserTests.feature:14&amp#27;[0m
  &amp#27;[32mGiven &amp#27;[0m&amp#27;[32mAn app with a user with UID: &amp#27;[0m&amp#27;[32m&amp#27;[1m"PRIK"&amp#27;[0m&amp#27;[32m exists&amp#27;[0m          &amp#27;[90m# hellocucumber.StepDefinitionsUser.An_app_with_a_user_with_UID_exists(java.lang.String)&amp#27;[0m
  &amp#27;[32mWhen &amp#27;[0m&amp#27;[32muser defines daily work time to be &amp#27;[0m&amp#27;[32m&amp#27;[1m8&amp#27;[0m&amp#27;[32m hours&amp#27;[0m           &amp#27;[90m# hellocucumber.StepDefinitionsUser.user_defines_daily_work_time_to_be_hours(int)&amp#27;[0m
  &amp#27;[32mThen &amp#27;[0m&amp#27;[32muser with UID: &amp#27;[0m&amp#27;[32m&amp#27;[1m"PRIK"&amp#27;[0m&amp#27;[32m has daily work time of &amp#27;[0m&amp#27;[32m&amp#27;[1m8&amp#27;[0m&amp#27;[32m hours&amp#27;[0m &amp#27;[90m# hellocucumber.StepDefinitionsUser.user_with_UID_has_daily_work_time_of_hours(java.lang.String,int)&amp#27;[0m
]]></system-out>
  </testcase>
  <testcase name="user methode tests - user checks for availability in time span" classname="user methode tests" time="0.031">
    <system-out><![CDATA[
Scenario: user checks for availability in time span                                                                                  &amp#27;[90m# features/UserTests.feature:19&amp#27;[0m
  &amp#27;[32mGiven &amp#27;[0m&amp#27;[32mAn app with a user with UID: &amp#27;[0m&amp#27;[32m&amp#27;[1m"PRIK"&amp#27;[0m&amp#27;[32m exists&amp#27;[0m                                                                                   &amp#27;[90m# hellocucumber.StepDefinitionsUser.An_app_with_a_user_with_UID_exists(java.lang.String)&amp#27;[0m
  &amp#27;[32mAnd &amp#27;[0m&amp#27;[32muser is registered to &amp#27;[0m&amp#27;[32m&amp#27;[1m20&amp#27;[0m&amp#27;[32m activities in time span &amp#27;[0m&amp#27;[32m&amp#27;[1m2023&amp#27;[0m&amp#27;[32m &amp#27;[0m&amp#27;[32m&amp#27;[1m10&amp#27;[0m&amp#27;[32m &amp#27;[0m&amp#27;[32m&amp#27;[1m1&amp#27;[0m&amp#27;[32m to &amp#27;[0m&amp#27;[32m&amp#27;[1m2023&amp#27;[0m&amp#27;[32m &amp#27;[0m&amp#27;[32m&amp#27;[1m11&amp#27;[0m&amp#27;[32m &amp#27;[0m&amp#27;[32m&amp#27;[1m1&amp#27;[0m                                                        &amp#27;[90m# hellocucumber.StepDefinitionsUser.user_is_registered_to_activities_in_time_span_to(int,int,int,int,int,int,int)&amp#27;[0m
  &amp#27;[32mWhen &amp#27;[0m&amp#27;[32muser checks availability in time span &amp#27;[0m&amp#27;[32m&amp#27;[1m2023&amp#27;[0m&amp#27;[32m &amp#27;[0m&amp#27;[32m&amp#27;[1m10&amp#27;[0m&amp#27;[32m &amp#27;[0m&amp#27;[32m&amp#27;[1m1&amp#27;[0m&amp#27;[32m to &amp#27;[0m&amp#27;[32m&amp#27;[1m2023&amp#27;[0m&amp#27;[32m &amp#27;[0m&amp#27;[32m&amp#27;[1m11&amp#27;[0m&amp#27;[32m &amp#27;[0m&amp#27;[32m&amp#27;[1m1&amp#27;[0m                                                                  &amp#27;[90m# hellocucumber.StepDefinitionsUser.user_checks_availability_in_time_span(int,int,int,int,int,int)&amp#27;[0m
  &amp#27;[32mThen &amp#27;[0m&amp#27;[32muser with UID: &amp#27;[0m&amp#27;[32m&amp#27;[1m"PRIK"&amp#27;[0m&amp#27;[32m has reached max activities and is not able to register for activity in time span &amp#27;[0m&amp#27;[32m&amp#27;[1m2023&amp#27;[0m&amp#27;[32m &amp#27;[0m&amp#27;[32m&amp#27;[1m10&amp#27;[0m&amp#27;[32m &amp#27;[0m&amp#27;[32m&amp#27;[1m1&amp#27;[0m&amp#27;[32m to &amp#27;[0m&amp#27;[32m&amp#27;[1m2023&amp#27;[0m&amp#27;[32m &amp#27;[0m&amp#27;[32m&amp#27;[1m11&amp#27;[0m&amp#27;[32m &amp#27;[0m&amp#27;[32m&amp#27;[1m1&amp#27;[0m &amp#27;[90m# hellocucumber.StepDefinitionsUser.user_with_UID_has_reached_max_activities_and_is_not_able_to_register_for_activity_in_time_span_to(java.lang.String,int,int,int,int,int,int)&amp#27;[0m
]]></system-out>
  </testcase>
  <testcase name="user methode tests - user tries to register for activity with no availability" classname="user methode tests" time="0.022">
    <system-out><![CDATA[
Scenario: user tries to register for activity with no availability                                                 &amp#27;[90m# features/UserTests.feature:25&amp#27;[0m
  &amp#27;[32mGiven &amp#27;[0m&amp#27;[32mAn app with a user with UID: &amp#27;[0m&amp#27;[32m&amp#27;[1m"PRIK"&amp#27;[0m&amp#27;[32m exists&amp#27;[0m                                                                 &amp#27;[90m# hellocucumber.StepDefinitionsUser.An_app_with_a_user_with_UID_exists(java.lang.String)&amp#27;[0m
  &amp#27;[32mAnd &amp#27;[0m&amp#27;[32muser is registered to &amp#27;[0m&amp#27;[32m&amp#27;[1m20&amp#27;[0m&amp#27;[32m activities in time span &amp#27;[0m&amp#27;[32m&amp#27;[1m2023&amp#27;[0m&amp#27;[32m &amp#27;[0m&amp#27;[32m&amp#27;[1m10&amp#27;[0m&amp#27;[32m &amp#27;[0m&amp#27;[32m&amp#27;[1m1&amp#27;[0m&amp#27;[32m to &amp#27;[0m&amp#27;[32m&amp#27;[1m2023&amp#27;[0m&amp#27;[32m &amp#27;[0m&amp#27;[32m&amp#27;[1m11&amp#27;[0m&amp#27;[32m &amp#27;[0m&amp#27;[32m&amp#27;[1m1&amp#27;[0m                                      &amp#27;[90m# hellocucumber.StepDefinitionsUser.user_is_registered_to_activities_in_time_span_to(int,int,int,int,int,int,int)&amp#27;[0m
  &amp#27;[32mWhen &amp#27;[0m&amp#27;[32muser tries to register for activity with start date &amp#27;[0m&amp#27;[32m&amp#27;[1m2023&amp#27;[0m&amp#27;[32m &amp#27;[0m&amp#27;[32m&amp#27;[1m10&amp#27;[0m&amp#27;[32m &amp#27;[0m&amp#27;[32m&amp#27;[1m1&amp#27;[0m&amp#27;[32m and end date &amp#27;[0m&amp#27;[32m&amp#27;[1m2023&amp#27;[0m&amp#27;[32m &amp#27;[0m&amp#27;[32m&amp#27;[1m11&amp#27;[0m&amp#27;[32m &amp#27;[0m&amp#27;[32m&amp#27;[1m1&amp#27;[0m                        &amp#27;[90m# hellocucumber.StepDefinitionsUser.user_tries_to_register_for_activity_with_start_date_and_end_date(int,int,int,int,int,int)&amp#27;[0m
  &amp#27;[32mThen &amp#27;[0m&amp#27;[32muser with UID: &amp#27;[0m&amp#27;[32m&amp#27;[1m"PRIK"&amp#27;[0m&amp#27;[32m is not able to register for activity with start date &amp#27;[0m&amp#27;[32m&amp#27;[1m2023&amp#27;[0m&amp#27;[32m &amp#27;[0m&amp#27;[32m&amp#27;[1m10&amp#27;[0m&amp#27;[32m &amp#27;[0m&amp#27;[32m&amp#27;[1m1&amp#27;[0m&amp#27;[32m and end date &amp#27;[0m&amp#27;[32m&amp#27;[1m2023&amp#27;[0m&amp#27;[32m &amp#27;[0m&amp#27;[32m&amp#27;[1m11&amp#27;[0m&amp#27;[32m &amp#27;[0m&amp#27;[32m&amp#27;[1m1&amp#27;[0m &amp#27;[90m# hellocucumber.StepDefinitionsUser.user_with_UID_is_not_able_to_register_for_activity_with_start_date_and_end_date(java.lang.String,int,int,int,int,int,int)&amp#27;[0m
]]></system-out>
  </testcase>
  <testcase name="user methode tests - user check work time today and other daily" classname="user methode tests" time="0.061">
    <system-out><![CDATA[
Scenario: user check work time today and other daily                                &amp#27;[90m# features/UserTests.feature:31&amp#27;[0m
  &amp#27;[32mGiven &amp#27;[0m&amp#27;[32mAn app with a user with UID: &amp#27;[0m&amp#27;[32m&amp#27;[1m"PRIK"&amp#27;[0m&amp#27;[32m exists&amp#27;[0m                                  &amp#27;[90m# hellocucumber.StepDefinitionsUser.An_app_with_a_user_with_UID_exists(java.lang.String)&amp#27;[0m
  &amp#27;[32mAnd &amp#27;[0m&amp#27;[32muser has &amp#27;[0m&amp#27;[32m&amp#27;[1m0&amp#27;[0m&amp#27;[32m hours worked today&amp#27;[0m                                                 &amp#27;[90m# hellocucumber.StepDefinitionsUser.user_has_hours_worked_today(int)&amp#27;[0m
  &amp#27;[32mAnd &amp#27;[0m&amp#27;[32muser registers &amp#27;[0m&amp#27;[32m&amp#27;[1m5&amp#27;[0m&amp#27;[32m hours today and &amp#27;[0m&amp#27;[32m&amp#27;[1m8&amp#27;[0m&amp#27;[32m hours on date &amp#27;[0m&amp#27;[32m&amp#27;[1m2023&amp#27;[0m&amp#27;[32m &amp#27;[0m&amp#27;[32m&amp#27;[1m10&amp#27;[0m&amp#27;[32m &amp#27;[0m&amp#27;[32m&amp#27;[1m1&amp#27;[0m                    &amp#27;[90m# hellocucumber.StepDefinitionsUser.user_registers_hours_today_and_hours_on_date(int,int,int,int,int)&amp#27;[0m
  &amp#27;[32mWhen &amp#27;[0m&amp#27;[32muser checks work time today and on date &amp#27;[0m&amp#27;[32m&amp#27;[1m2023&amp#27;[0m&amp#27;[32m &amp#27;[0m&amp#27;[32m&amp#27;[1m10&amp#27;[0m&amp#27;[32m &amp#27;[0m&amp#27;[32m&amp#27;[1m1&amp#27;[0m                            &amp#27;[90m# hellocucumber.StepDefinitionsUser.user_checks_work_time_today_and_on_date(int,int,int)&amp#27;[0m
  &amp#27;[32mThen &amp#27;[0m&amp#27;[32muser with UID: &amp#27;[0m&amp#27;[32m&amp#27;[1m"PRIK"&amp#27;[0m&amp#27;[32m has &amp#27;[0m&amp#27;[32m&amp#27;[1m5&amp#27;[0m&amp#27;[32m hours worked today and &amp#27;[0m&amp#27;[32m&amp#27;[1m8&amp#27;[0m&amp#27;[32m hours on date &amp#27;[0m&amp#27;[32m&amp#27;[1m2023&amp#27;[0m&amp#27;[32m &amp#27;[0m&amp#27;[32m&amp#27;[1m10&amp#27;[0m&amp#27;[32m &amp#27;[0m&amp#27;[32m&amp#27;[1m1&amp#27;[0m &amp#27;[90m# hellocucumber.StepDefinitionsUser.user_with_UID_has_hours_worked_today_and_hours_on_date(java.lang.String,int,int,int,int,int)&amp#27;[0m
]]></system-out>
  </testcase>
</testsuite>